Arguments: 
  /Users/SebastienJorge/.nvm/versions/node/v12.22.12/bin/node /Users/SebastienJorge/.nvm/versions/node/v12.22.12/bin/yarn add @react-navigation/active

PATH: 
  /Users/SebastienJorge/.nvm/versions/node/v12.22.12/bin:/Users/SebastienJorge/.yarn/bin:/Users/SebastienJorge/.config/yarn/global/node_modules/.bin:/Users/SebastienJorge/.platformsh/bin:/Library/Frameworks/Python.framework/Versions/3.10/bin:/Library/Frameworks/Python.framework/Versions/3.10/bin:/usr/local/bin:/usr/bin:/bin:/usr/sbin:/sbin:/usr/local/share/dotnet:~/.dotnet/tools

Yarn version: 
  1.22.19

Node version: 
  12.22.12

Platform: 
  darwin x64

Trace: 
  Error: https://registry.yarnpkg.com/@react-navigation%2factive: Not found
      at Request.params.callback [as _callback] (/Users/SebastienJorge/.nvm/versions/node/v12.22.12/lib/node_modules/yarn/lib/cli.js:66145:18)
      at Request.self.callback (/Users/SebastienJorge/.nvm/versions/node/v12.22.12/lib/node_modules/yarn/lib/cli.js:140890:22)
      at Request.emit (events.js:314:20)
      at Request.<anonymous> (/Users/SebastienJorge/.nvm/versions/node/v12.22.12/lib/node_modules/yarn/lib/cli.js:141862:10)
      at Request.emit (events.js:314:20)
      at IncomingMessage.<anonymous> (/Users/SebastienJorge/.nvm/versions/node/v12.22.12/lib/node_modules/yarn/lib/cli.js:141784:12)
      at Object.onceWrapper (events.js:420:28)
      at IncomingMessage.emit (events.js:326:22)
      at endReadableNT (_stream_readable.js:1241:12)
      at processTicksAndRejections (internal/process/task_queues.js:84:21)

npm manifest: 
  {
    "name": "native",
    "version": "1.0.0",
    "main": "node_modules/expo/AppEntry.js",
    "scripts": {
      "start": "expo start",
      "android": "expo start --android",
      "ios": "expo start --ios",
      "web": "expo start --web"
    },
    "dependencies": {
      "expo": "~47.0.8",
      "expo-status-bar": "~1.4.2",
      "react": "18.1.0",
      "react-native": "0.70.5"
    },
    "devDependencies": {
      "@babel/core": "^7.12.9"
    },
    "private": true
  }

yarn manifest: 
  No manifest

Lockfile: 
  No lockfile
